0 info it worked if it ends with ok
1 verbose cli [ '/usr/local/bin/node',
1 verbose cli   '/usr/local/bin/npm',
1 verbose cli   'run',
1 verbose cli   'webpack-watch' ]
2 info using npm@4.1.2
3 info using node@v7.7.4
4 verbose run-script [ 'prewebpack-watch', 'webpack-watch', 'postwebpack-watch' ]
5 info lifecycle serverlessportfollio@1.0.0~prewebpack-watch: serverlessportfollio@1.0.0
6 silly lifecycle serverlessportfollio@1.0.0~prewebpack-watch: no script for prewebpack-watch, continuing
7 info lifecycle serverlessportfollio@1.0.0~webpack-watch: serverlessportfollio@1.0.0
8 verbose lifecycle serverlessportfollio@1.0.0~webpack-watch: unsafe-perm in lifecycle true
9 verbose lifecycle serverlessportfollio@1.0.0~webpack-watch: PATH: /usr/local/lib/node_modules/npm/bin/node-gyp-bin:/Users/vhenson/projects/serverlessPortfollio/node_modules/.bin:/Library/Frameworks/Python.framework/Versions/3.6/bin:/Users/vhenson/anaconda/bin:/Users/vhenson/.yarn/bin:/usr/local/bin:/Library/Frameworks/Python.framework/Versions/3.6/bin:/usr/local/bin:/usr/local/bin:/usr/bin:/bin:/usr/sbin:sbin
10 verbose lifecycle serverlessportfollio@1.0.0~webpack-watch: CWD: /Users/vhenson/projects/serverlessPortfollio
11 silly lifecycle serverlessportfollio@1.0.0~webpack-watch: Args: [ '-c', 'webpack-watch' ]
12 info lifecycle serverlessportfollio@1.0.0~webpack-watch: Failed to exec webpack-watch script
13 verbose stack Error: serverlessportfollio@1.0.0 webpack-watch: `webpack-watch`
13 verbose stack spawn ENOENT
13 verbose stack     at ChildProcess.<anonymous> (/usr/local/lib/node_modules/npm/lib/utils/spawn.js:33:16)
13 verbose stack     at emitTwo (events.js:106:13)
13 verbose stack     at ChildProcess.emit (events.js:194:7)
13 verbose stack     at maybeClose (internal/child_process.js:899:16)
13 verbose stack     at Process.ChildProcess._handle.onexit (internal/child_process.js:226:5)
14 verbose pkgid serverlessportfollio@1.0.0
15 verbose cwd /Users/vhenson/projects/serverlessPortfollio
16 error Darwin 15.6.0
17 error argv "/usr/local/bin/node" "/usr/local/bin/npm" "run" "webpack-watch"
18 error node v7.7.4
19 error npm  v4.1.2
20 error file sh
21 error code ELIFECYCLE
22 error errno ENOENT
23 error syscall spawn
24 error serverlessportfollio@1.0.0 webpack-watch: `webpack-watch`
24 error spawn ENOENT
25 error Failed at the serverlessportfollio@1.0.0 webpack-watch script 'webpack-watch'.
25 error Make sure you have the latest version of node.js and npm installed.
25 error If you do, this is most likely a problem with the serverlessportfollio package,
25 error not with npm itself.
25 error Tell the author that this fails on your system:
25 error     webpack-watch
25 error You can get information on how to open an issue for this project with:
25 error     npm bugs serverlessportfollio
25 error Or if that isn't available, you can get their info via:
25 error     npm owner ls serverlessportfollio
25 error There is likely additional logging output above.
26 verbose exit [ 1, true ]
